mktextfm unisong
mktextfm unisong
mktextfm unisong
mktextfm unisong
mktextfm unisong
mktextfm unisong
mktextfm FZShuSong-Z01/OT
mktextfm FZShuSong-Z01/OT
mktextfm FZKai-Z03/OT
mktextfm FZKai-Z03/B/OT
mktextfm FZXiaoBiaoSong-B05/OT
mktextfm FZXiaoBiaoSong-B05/I/OT
mktextfm FZShuSong-Z01/OT
mktextfm FZShuSong-Z01/BI/OT
mktextfm FZShuSong-Z01/OT
mktextfm FZShuSong-Z01/OT
mktextfm FZXiaoBiaoSong-B05/OT
mktextfm FZXiaoBiaoSong-B05/OT
mktextfm FZKai-Z03/OT
mktextfm FZKai-Z03/OT
mktextfm FZXiaoBiaoSong-B05/OT
mktextfm FZXiaoBiaoSong-B05/OT
mktextfm FZShuSong-Z01/OT
mktextfm FZKai-Z03/OT
mktextfm nullfont
mktextfm FZXiaoBiaoSong-B05/OT
mktextfm FZShuSong-Z01/OT
mktextfm FZShuSong-Z01/OT
mktextfm FZXiaoBiaoSong-B05/OT
mktextfm FZKai-Z03/OT
mktextfm FZKai-Z03/OT
mktextfm FZShuSong-Z01/OT
mktextfm FZShuSong-Z01/OT
mktextfm FZXiaoBiaoSong-B05/OT
mktextfm FZXiaoBiaoSong-B05/OT
mktextfm FZXiaoBiaoSong-B05/OT
mktextfm FZKai-Z03/OT
mktextfm FZShuSong-Z01/OT
