\BOOKMARK [0][]{chapter.1}{\376\377\173\054\116\000\172\340\000\040\000\040\154\342\121\375\145\160}{}% 1
\BOOKMARK [1][]{section.1.1}{\376\377\0001\000.\0001\000\040\205\233\133\232\214\024\145\271\172\013}{chapter.1}% 2
\BOOKMARK [1][]{section.1.2}{\376\377\0001\000.\0002\000\040\122\233\133\146\221\317\166\204\147\037\147\033\120\074\124\214\150\007\121\306\135\356}{chapter.1}% 3
\BOOKMARK [1][]{section.1.3}{\376\377\0001\000.\0003\000\040\155\167\150\356\130\041\116\015\170\156\133\232\140\047\123\237\164\006}{chapter.1}% 4
\BOOKMARK [0][]{chapter.2}{\376\377\173\054\116\214\172\340\000\040\000\040\133\232\140\001\000S\000c\000h\000r\000\366\000d\000i\000n\000g\000e\000r\145\271\172\013}{}% 5
\BOOKMARK [1][]{section.2.1}{\376\377\0002\000.\0001\000\040\133\232\140\001\124\214\122\006\171\273\123\330\221\317\154\325}{chapter.2}% 6
\BOOKMARK [1][]{section.2.2}{\376\377\0002\000.\0002\000\040\116\000\176\364\145\340\226\120\155\361\145\271\122\277\226\061}{chapter.2}% 7
\BOOKMARK [1][]{section.2.3}{\376\377\0002\000.\0003\000\040\173\200\214\020\143\057\133\120}{chapter.2}% 8
\BOOKMARK [2][]{subsection.2.3.1}{\376\377\0002\000.\0003\000.\0001\000\040\116\343\145\160\145\271\154\325}{section.2.3}% 9
\BOOKMARK [2][]{subsection.2.3.2}{\376\377\0002\000.\0003\000.\0002\000\040\122\006\147\220\145\271\154\325}{section.2.3}% 10
\BOOKMARK [1][]{section.2.4}{\376\377\0002\000.\0004\000\040\201\352\165\061\174\222\133\120}{chapter.2}% 11
\BOOKMARK [1][]{section.2.5}{\376\377\0002\000.\0005\000\040\000.\121\375\145\160\122\277\226\061}{chapter.2}% 12
\BOOKMARK [2][]{subsection.2.5.1}{\376\377\0002\000.\0005\000.\0001\000\040\147\137\177\032\140\001\124\214\145\143\134\004\140\001}{section.2.5}% 13
\BOOKMARK [2][]{subsection.2.5.2}{\376\377\0002\000.\0005\000.\0002\000\040\000d\121\375\145\160\122\277\226\061}{section.2.5}% 14
\BOOKMARK [1][]{section.2.6}{\376\377\0002\000.\0006\000\040\147\011\226\120\155\361\122\277\226\061}{chapter.2}% 15
\BOOKMARK [0][]{chapter.3}{\376\377\173\054\116\011\172\340\000\040\000\040\137\142\137\017\123\026\164\006\213\272}{}% 16
\BOOKMARK [0][]{appendix.A}{\376\377\226\104\137\125\000\040\000A\000\040\000\040\000V\000e\000c\000t\000o\000r\000\040\000C\000a\000l\000c\000u\000l\000u\000s}{}% 17
\BOOKMARK [1][]{section.A.1}{\376\377\000A\000.\0001\000\040\143\007\150\007\217\320\173\227}{appendix.A}% 18
\BOOKMARK [1][]{section.A.2}{\376\377\000A\000.\0002\000\040\150\257\136\246\000,\000\040\145\143\136\246\000,\000\040\145\313\136\246}{appendix.A}% 19
\BOOKMARK [1][]{section.A.3}{\376\377\000A\000.\0003\000\040\146\362\176\277\127\120\150\007\174\373}{appendix.A}% 20
\BOOKMARK [1][]{section.A.4}{\376\377\000A\000.\0004\000\040\146\362\176\277\171\357\122\006\124\214\146\362\227\142\171\357\122\006}{appendix.A}% 21
\BOOKMARK [1][]{section.A.5}{\376\377\000A\000.\0005\000\040\166\364\211\322\127\120\150\007\221\314\166\204\137\040\221\317}{appendix.A}% 22
\BOOKMARK [0][]{appendix.B}{\376\377\226\104\137\125\000\040\000B\000\040\000\040\000L\000i\000n\000e\000a\000r\000\040\000A\000l\000g\000e\000b\000r\000a}{}% 23
\BOOKMARK [0][]{appendix.C}{\376\377\226\104\137\125\000\040\000C\000\040\000\040\000G\000a\000u\000s\000s\000i\000a\000n\000\040\000I\000n\000t\000e\000g\000r\000a\000l}{}% 24
