\BOOKMARK [0][]{chapter.1}{\376\377\173\054\116\000\172\340\000\040\000\040\154\342\121\375\145\160}{}% 1
\BOOKMARK [1][]{section.1.1}{\376\377\0001\000.\0001\000\040\205\233\133\232\214\024\145\271\172\013}{chapter.1}% 2
\BOOKMARK [1][]{section.1.2}{\376\377\0001\000.\0002\000\040\122\233\133\146\221\317\166\204\147\037\147\033\120\074\124\214\150\007\121\306\135\356}{chapter.1}% 3
\BOOKMARK [1][]{section.1.3}{\376\377\0001\000.\0003\000\040\155\167\150\356\130\041\116\015\170\156\133\232\140\047\123\237\164\006}{chapter.1}% 4
\BOOKMARK [1][]{section.1.4}{\376\377\0001\000.\0004\000\040\151\202\163\207\155\101\133\306\136\246}{chapter.1}% 5
\BOOKMARK [0][]{chapter.2}{\376\377\173\054\116\214\172\340\000\040\000\040\133\232\140\001\000S\000c\000h\000r\000\366\000d\000i\000n\000g\000e\000r\145\271\172\013}{}% 6
\BOOKMARK [1][]{section.2.1}{\376\377\0002\000.\0001\000\040\133\232\140\001\124\214\122\006\171\273\123\330\221\317\154\325}{chapter.2}% 7
\BOOKMARK [1][]{section.2.2}{\376\377\0002\000.\0002\000\040\116\000\176\364\145\340\226\120\155\361\145\271\122\277\226\061}{chapter.2}% 8
\BOOKMARK [1][]{section.2.3}{\376\377\0002\000.\0003\000\040\173\200\214\020\143\057\133\120}{chapter.2}% 9
\BOOKMARK [2][]{subsection.2.3.1}{\376\377\0002\000.\0003\000.\0001\000\040\116\343\145\160\145\271\154\325}{section.2.3}% 10
\BOOKMARK [2][]{subsection.2.3.2}{\376\377\0002\000.\0003\000.\0002\000\040\122\006\147\220\145\271\154\325}{section.2.3}% 11
\BOOKMARK [1][]{section.2.4}{\376\377\0002\000.\0004\000\040\201\352\165\061\174\222\133\120}{chapter.2}% 12
\BOOKMARK [1][]{section.2.5}{\376\377\0002\000.\0005\000\040\000.\121\375\145\160\122\277\226\061}{chapter.2}% 13
\BOOKMARK [2][]{subsection.2.5.1}{\376\377\0002\000.\0005\000.\0001\000\040\147\137\177\032\140\001\124\214\145\143\134\004\140\001}{section.2.5}% 14
\BOOKMARK [2][]{subsection.2.5.2}{\376\377\0002\000.\0005\000.\0002\000\040\000d\121\375\145\160\122\277\226\061}{section.2.5}% 15
\BOOKMARK [1][]{section.2.6}{\376\377\0002\000.\0006\000\040\147\011\226\120\155\361\122\277\226\061}{chapter.2}% 16
\BOOKMARK [0][]{chapter.3}{\376\377\173\054\116\011\172\340\000\040\000\040\137\142\137\017\123\026\164\006\213\272}{}% 17
\BOOKMARK [1][]{section.3.1}{\376\377\0003\000.\0001\000\040\123\357\211\302\155\113\221\317}{chapter.3}% 18
\BOOKMARK [1][]{section.3.2}{\376\377\0003\000.\0002\000\040\211\302\133\337\173\227\173\046\124\214\173\227\173\046\166\204\214\061}{chapter.3}% 19
\BOOKMARK [1][]{section.3.3}{\376\377\0003\000.\0003\000\040\136\177\116\111\151\202\163\207\213\340\221\312}{chapter.3}% 20
\BOOKMARK [1][]{section.3.4}{\376\377\0003\000.\0004\000\040\116\015\170\156\133\232\140\047\123\237\164\006}{chapter.3}% 21
\BOOKMARK [1][]{section.3.5}{\376\377\0003\000.\0005\000\040\210\150\214\141\164\006\213\272}{chapter.3}% 22
\BOOKMARK [1][]{section.3.6}{\376\377\0003\000.\0006\000\040\205\233\133\232\214\024\145\271\172\013\166\204\122\006\171\273\123\330\221\317}{chapter.3}% 23
\BOOKMARK [0][]{chapter.4}{\376\377\173\054\126\333\172\340\000\040\000\040\116\011\176\364\172\172\225\364\166\204\221\317\133\120\122\233\133\146}{}% 24
\BOOKMARK [1][]{section.4.1}{\376\377\0004\000.\0001\000\040\116\011\176\364\205\233\133\232\214\024\145\271\172\013\154\102\211\343}{chapter.4}% 25
\BOOKMARK [1][]{section.4.2}{\376\377\0004\000.\0002\000\040\154\042\123\237\133\120}{chapter.4}% 26
\BOOKMARK [2][]{subsection.4.2.1}{\376\377\0004\000.\0002\000.\0001\000\040\154\342\121\375\145\160\154\102\211\343}{section.4.2}% 27
\BOOKMARK [2][]{subsection.4.2.2}{\376\377\0004\000.\0002\000.\0002\000\040\154\042\123\237\133\120\121\111\214\061}{section.4.2}% 28
\BOOKMARK [1][]{section.4.3}{\376\377\0004\000.\0003\000\040\211\322\122\250\221\317}{chapter.4}% 29
\BOOKMARK [1][]{section.4.4}{\376\377\0004\000.\0004\000\040\201\352\145\313}{chapter.4}% 30
\BOOKMARK [2][]{subsection.4.4.1}{\376\377\0004\000.\0004\000.\0001\000\040\201\352\145\313\0001\000/\0002}{section.4.4}% 31
\BOOKMARK [2][]{subsection.4.4.2}{\376\377\0004\000.\0004\000.\0002\000\040\123\357\211\302\155\113\221\317\166\204\166\370\133\271\140\047}{section.4.4}% 32
\BOOKMARK [2][]{subsection.4.4.3}{\376\377\0004\000.\0004\000.\0003\000\040\170\301\127\072\116\055\166\204\136\046\165\065\174\222\133\120}{section.4.4}% 33
\BOOKMARK [1][]{section.4.5}{\376\377\0004\000.\0005\000\040\145\160\133\146\121\306\131\007\377\032\137\040\221\317\171\357}{chapter.4}% 34
\BOOKMARK [1][]{section.4.6}{\376\377\0004\000.\0006\000\040\211\322\122\250\221\317\166\204\124\010\142\020}{chapter.4}% 35
\BOOKMARK [1][]{section.4.7}{\376\377\0004\000.\0007\000\040\165\065\170\301\166\370\116\222\117\134\165\050}{chapter.4}% 36
\BOOKMARK [1][]{section.4.8}{\376\377\0004\000.\0008\000\040\116\044\116\052\201\352\145\313\117\123\174\373\166\204\213\241\173\227\213\146\171\072}{chapter.4}% 37
\BOOKMARK [0][]{chapter.5}{\376\377\173\054\116\224\172\340\000\040\000\040\121\150\124\014\174\222\133\120}{}% 38
\BOOKMARK [1][]{section.5.1}{\376\377\0005\000.\0001\000\040\116\044\116\052\174\222\133\120\166\204\166\370\116\222\117\134\165\050\117\123\174\373}{chapter.5}% 39
\BOOKMARK [2][]{subsection.5.1.1}{\376\377\0005\000.\0001\000.\0001\000\040\163\273\202\162\133\120\124\214\215\071\174\163\133\120}{section.5.1}% 40
\BOOKMARK [2][]{subsection.5.1.2}{\376\377\0005\000.\0001\000.\0002\000\040\116\244\143\142\122\233}{section.5.1}% 41
\BOOKMARK [1][]{section.5.2}{\376\377\0005\000.\0002\000\040\123\237\133\120}{chapter.5}% 42
\BOOKMARK [1][]{section.5.3}{\376\377\0005\000.\0003\000\040\126\372\117\123}{chapter.5}% 43
\BOOKMARK [2][]{subsection.5.3.1}{\376\377\0005\000.\0003\000.\0001\000\040\201\352\165\061\165\065\133\120\154\024\164\006\213\272}{section.5.3}% 44
\BOOKMARK [2][]{subsection.5.3.2}{\376\377\0005\000.\0003\000.\0002\000\040\116\367\136\046\176\323\147\204}{section.5.3}% 45
\BOOKMARK [0][]{chapter.6}{\376\377\173\054\121\155\172\340\000\040\000\040\221\317\133\120\122\233\133\146\116\055\166\204\133\371\171\360\140\047}{}% 46
\BOOKMARK [1][]{section.6.1}{\376\377\0006\000.\0001\000\040\136\163\171\373\133\371\171\360\140\047}{chapter.6}% 47
\BOOKMARK [1][]{section.6.2}{\376\377\0006\000.\0002\000\040\133\207\171\360\133\210\140\122}{chapter.6}% 48
\BOOKMARK [1][]{section.6.3}{\376\377\0006\000.\0003\000\040\145\313\217\154\133\371\171\360\140\047}{chapter.6}% 49
\BOOKMARK [1][]{section.6.4}{\376\377\0006\000.\0004\000\040\173\200\136\166\116\016\133\371\171\360}{chapter.6}% 50
\BOOKMARK [1][]{section.6.5}{\376\377\0006\000.\0005\000\040\145\313\217\154\220\011\142\351\133\232\122\031}{chapter.6}% 51
\BOOKMARK [2][]{subsection.6.5.1}{\376\377\0006\000.\0005\000.\0001\000\040\150\007\221\317\173\227\173\046\166\204\220\011\142\351\133\232\122\031}{section.6.5}% 52
\BOOKMARK [2][]{subsection.6.5.2}{\376\377\0006\000.\0005\000.\0002\000\040\167\342\221\317\173\227\173\046\166\204\220\011\142\351\133\232\122\031}{section.6.5}% 53
\BOOKMARK [1][]{section.6.6}{\376\377\0006\000.\0006\000\040\145\366\225\364\136\163\171\373\133\371\171\360\140\047}{chapter.6}% 54
\BOOKMARK [2][]{subsection.6.6.1}{\376\377\0006\000.\0006\000.\0001\000\040\205\233\133\232\214\024\000/\155\167\150\356\130\041\176\330\146\157}{section.6.6}% 55
\BOOKMARK [2][]{subsection.6.6.2}{\376\377\0006\000.\0006\000.\0002\000\040\200\375\221\317\133\210\140\122\133\232\137\213}{section.6.6}% 56
\BOOKMARK [1][]{section.6.7}{\376\377\0006\000.\0007\000\040\000*\215\071\146\374\215\357\137\204\171\357\122\006}{chapter.6}% 57
\BOOKMARK [0][]{chapter.7}{\376\377\173\054\116\003\172\340\000\040\000\040\133\232\140\001\137\256\142\160\213\272}{}% 58
\BOOKMARK [1][]{section.7.1}{\376\377\0007\000.\0001\000\040\227\136\173\200\136\166\137\256\142\160\213\272}{chapter.7}% 59
\BOOKMARK [1][]{section.7.2}{\376\377\0007\000.\0002\000\040\173\200\136\166\137\256\142\160\213\272}{chapter.7}% 60
\BOOKMARK [1][]{section.7.3}{\376\377\0007\000.\0003\000\040\154\042\123\237\133\120\166\204\174\276\176\306\176\323\147\204}{chapter.7}% 61
\BOOKMARK [1][]{section.7.4}{\376\377\0007\000.\0004\000\040\130\136\146\374\000\050\000Z\000e\000e\000m\000a\000n\000\051\145\110\136\224}{chapter.7}% 62
\BOOKMARK [1][]{section.7.5}{\376\377\0007\000.\0005\000\040\154\042\123\237\133\120\166\204\215\205\174\276\176\306\176\323\147\204}{chapter.7}% 63
\BOOKMARK [0][]{chapter.8}{\376\377\173\054\121\153\172\340\000\040\000\040\123\330\122\006\154\325}{}% 64
\BOOKMARK [1][]{section.8.1}{\376\377\0008\000.\0001\000\040\127\372\147\054\123\237\164\006}{chapter.8}% 65
\BOOKMARK [1][]{section.8.2}{\376\377\0008\000.\0002\000\040\154\046\123\237\133\120\166\204\127\372\140\001\200\375\221\317}{chapter.8}% 66
\BOOKMARK [1][]{section.8.3}{\376\377\0008\000.\0003\000\040\000H\0002\000+\000\040\124\214\000\040\000H\0002}{chapter.8}% 67
\BOOKMARK [0][]{chapter.9}{\376\377\173\054\116\135\172\340\000\040\000\040\000W\000K\000B\217\321\117\074}{}% 68
\BOOKMARK [1][]{section.9.1}{\376\377\0009\000.\0001\000\040\127\372\147\054\123\237\164\006}{chapter.9}% 69
\BOOKMARK [1][]{section.9.2}{\376\377\0009\000.\0002\000\040\221\317\133\120\226\247\172\177}{chapter.9}% 70
\BOOKMARK [1][]{section.9.3}{\376\377\0009\000.\0003\000\040\217\336\143\245\121\154\137\017}{chapter.9}% 71
\BOOKMARK [0][]{appendix.A}{\376\377\226\104\137\125\000\040\000A\000\040\000\040\000V\000e\000c\000t\000o\000r\000\040\000C\000a\000l\000c\000u\000l\000u\000s}{}% 72
\BOOKMARK [1][]{section.A.1}{\376\377\000A\000.\0001\000\040\143\007\150\007\217\320\173\227}{appendix.A}% 73
\BOOKMARK [1][]{section.A.2}{\376\377\000A\000.\0002\000\040\150\257\136\246\000,\000\040\145\143\136\246\000,\000\040\145\313\136\246}{appendix.A}% 74
\BOOKMARK [1][]{section.A.3}{\376\377\000A\000.\0003\000\040\146\362\176\277\127\120\150\007\174\373}{appendix.A}% 75
\BOOKMARK [1][]{section.A.4}{\376\377\000A\000.\0004\000\040\146\362\176\277\171\357\122\006\124\214\146\362\227\142\171\357\122\006}{appendix.A}% 76
\BOOKMARK [1][]{section.A.5}{\376\377\000A\000.\0005\000\040\166\364\211\322\127\120\150\007\221\314\166\204\137\040\221\317}{appendix.A}% 77
\BOOKMARK [1][]{section.A.6}{\376\377\000A\000.\0006\000\040\122\006\220\350\171\357\122\006\154\325}{appendix.A}% 78
\BOOKMARK [0][]{appendix.B}{\376\377\226\104\137\125\000\040\000B\000\040\000\040\000L\000i\000n\000e\000a\000r\000\040\000A\000l\000g\000e\000b\000r\000a}{}% 79
\BOOKMARK [1][]{section.B.1}{\376\377\000B\000.\0001\000\040\124\021\221\317\172\172\225\364}{appendix.B}% 80
\BOOKMARK [1][]{section.B.2}{\376\377\000B\000.\0002\000\040\121\205\171\357}{appendix.B}% 81
\BOOKMARK [1][]{section.B.3}{\376\377\000B\000.\0003\000\040\154\342\121\375\145\160\166\204\172\172\225\364}{appendix.B}% 82
\BOOKMARK [1][]{section.B.4}{\376\377\000B\000.\0004\000\040\140\001\172\172\225\364\124\214\162\304\142\311\121\113\173\046\123\367}{appendix.B}% 83
\BOOKMARK [1][]{section.B.5}{\376\377\000B\000.\0005\000\040\140\001\172\172\225\364\210\150\214\141\124\214\173\227\133\120\166\204\167\351\226\065\210\150\171\072}{appendix.B}% 84
\BOOKMARK [1][]{section.B.6}{\376\377\000B\000.\0006\000\040\000*\176\277\140\047\173\227\173\046\166\204\116\000\116\233\140\047\215\050}{appendix.B}% 85
\BOOKMARK [1][]{section.B.7}{\376\377\000B\000.\0007\000\040\000*\133\371\120\166\172\172\225\364\124\214\133\371\120\166\146\040\134\004}{appendix.B}% 86
\BOOKMARK [0][]{appendix.C}{\376\377\226\104\137\125\000\040\000C\000\040\000\040\000G\000a\000u\000s\000s\000i\000a\000n\000\040\000I\000n\000t\000e\000g\000r\000a\000l}{}% 87
\BOOKMARK [0][]{appendix.D}{\376\377\226\104\137\125\000\040\000D\000\040\000\040\000F\000i\000n\000i\000t\000\040\000G\000r\000o\000u\000p}{}% 88
\BOOKMARK [1][]{section.D.1}{\376\377\000D\000.\0001\000\040\177\244\166\204\127\372\147\054\176\323\147\204}{appendix.D}% 89
\BOOKMARK [2][]{subsection.D.1.1}{\376\377\000D\000.\0001\000.\0001\000\040\177\244\166\204\133\232\116\111\124\214\116\000\116\233\127\372\147\054\133\232\164\006}{section.D.1}% 90
\BOOKMARK [2][]{subsection.D.1.2}{\376\377\000D\000.\0001\000.\0002\000\040\177\244\166\204\121\205\220\350\176\323\147\204}{section.D.1}% 91
\BOOKMARK [2][]{subsection.D.1.3}{\376\377\000D\000.\0001\000.\0003\000\040\124\014\147\204\116\016\124\014\140\001}{section.D.1}% 92
